<?xml version="1.0" encoding="UTF-8"?>
<!-- Generated by org.testng.reporters.JUnitReportReporter -->
<testsuite hostname="Admin" failures="0" tests="2" name="automation.testsute.login" time="0.016" errors="0" timestamp="2024-11-16T22:52:10 ICT" skipped="0">
  <testcase classname="automation.testsute.login" name="testcase1" time="0.007"/>
  <system-out/>
  <testcase classname="automation.testsute.login" name="testcase2" time="0.009"/>
  <system-out/>
</testsuite> <!-- automation.testsute.login -->
